<?xml version="1.0" encoding="UTF-8"?>
<!-- Generated by org.testng.reporters.JUnitXMLReporter -->
<testsuite hostname="IGSA937002-PC" ignored="0" name="Test" tests="2" failures="2" timestamp="2021-08-22T03:31:46 AEST" time="16.606" errors="0">
  <testcase name="verificationOfItemsInCart" time="0.338" classname="com.planittesting.cloud.jupiter.testcases.ShopPageTestCases">
    <failure type="java.lang.NullPointerException">
      <![CDATA[java.lang.NullPointerException
at com.planittesting.cloud.jupiter.pageactions.ShopPageActions.buyFunnyCow(ShopPageActions.java:25)
at com.planittesting.cloud.jupiter.testcases.ShopPageTestCases.verificationOfItemsInCart(ShopPageTestCases.java:29)
at java.util.ArrayList.forEach(ArrayList.java:1257)
... Removed 27 stack frames]]>
    </failure>
  </testcase> <!-- verificationOfItemsInCart -->
  <testcase name="verificationOfProductUnitPriceAndTotalPrice" time="0.205" classname="com.planittesting.cloud.jupiter.testcases.ShopPageTestCases">
    <failure type="java.lang.NullPointerException">
      <![CDATA[java.lang.NullPointerException
at com.planittesting.cloud.jupiter.pageactions.ShopPageActions.buyStuffedFrog(ShopPageActions.java:44)
at com.planittesting.cloud.jupiter.testcases.ShopPageTestCases.verificationOfProductUnitPriceAndTotalPrice(ShopPageTestCases.java:38)
at java.util.ArrayList.forEach(ArrayList.java:1257)
... Removed 27 stack frames]]>
    </failure>
  </testcase> <!-- verificationOfProductUnitPriceAndTotalPrice -->
</testsuite> <!-- Test -->
