<?xml version="1.0" encoding="UTF-8"?>
<!-- Generated by org.testng.reporters.JUnitXMLReporter -->
<testsuite hostname="IGSA937002-PC" ignored="0" name="Test" tests="8" failures="0" timestamp="2021-08-23T00:09:25 AEST" time="46.278" errors="0">
  <testcase name="@BeforeMethod setUp" time="1.757" classname="com.planittesting.cloud.jupiter.testcases.ContactPageTestcases">
    <failure type="org.openqa.selenium.WebDriverException" message="unknown error: net::ERR_INTERNET_DISCONNECTED
  (Session info: chrome=92.0.4515.159)
Build info: version: &amp;apos;3.141.59&amp;apos;, revision: &amp;apos;e82be7d358&amp;apos;, time: &amp;apos;2018-11-14T08:17:03&amp;apos;
System info: host: &amp;apos;IGSA937002-PC&amp;apos;, ip: &amp;apos;192.168.20.20&amp;apos;, os.name: &amp;apos;Windows 10&amp;apos;, os.arch: &amp;apos;amd64&amp;apos;, os.version: &amp;apos;10.0&amp;apos;, java.version: &amp;apos;1.8.0_161&amp;apos;
Driver info: org.openqa.selenium.chrome.ChromeDriver
Capabilities {acceptInsecureCerts: false, browserName: chrome, browserVersion: 92.0.4515.159, chrome: {chromedriverVersion: 92.0.4515.107 (87a818b10553..., userDataDir: C:\Users\IGSA937002\AppData...}, goog:chromeOptions: {debuggerAddress: localhost:64806}, javascriptEnabled: true, networkConnectionEnabled: false, pageLoadStrategy: normal, platform: WINDOWS, platformName: WINDOWS, proxy: Proxy(), setWindowRect: true, strictFileInteractability: false, timeouts: {implicit: 0, pageLoad: 300000, script: 30000}, unhandledPromptBehavior: dismiss and notify, webauthn:extension:credBlob: true, webauthn:extension:largeBlob: true, webauthn:virtualAuthenticators: true}
Session ID: a15825dd442506ba9453e7d05e207e86">
      <![CDATA[org.openqa.selenium.WebDriverException: unknown error: net::ERR_INTERNET_DISCONNECTED
  (Session info: chrome=92.0.4515.159)
Build info: version: '3.141.59', revision: 'e82be7d358', time: '2018-11-14T08:17:03'
System info: host: 'IGSA937002-PC', ip: '192.168.20.20', os.name: 'Windows 10', os.arch: 'amd64', os.version: '10.0', java.version: '1.8.0_161'
Driver info: org.openqa.selenium.chrome.ChromeDriver
Capabilities {acceptInsecureCerts: false, browserName: chrome, browserVersion: 92.0.4515.159, chrome: {chromedriverVersion: 92.0.4515.107 (87a818b10553..., userDataDir: C:\Users\IGSA937002\AppData...}, goog:chromeOptions: {debuggerAddress: localhost:64806}, javascriptEnabled: true, networkConnectionEnabled: false, pageLoadStrategy: normal, platform: WINDOWS, platformName: WINDOWS, proxy: Proxy(), setWindowRect: true, strictFileInteractability: false, timeouts: {implicit: 0, pageLoad: 300000, script: 30000}, unhandledPromptBehavior: dismiss and notify, webauthn:extension:credBlob: true, webauthn:extension:largeBlob: true, webauthn:virtualAuthenticators: true}
Session ID: a15825dd442506ba9453e7d05e207e86
at org.openqa.selenium.remote.http.W3CHttpResponseCodec.createException(W3CHttpResponseCodec.java:187)
at org.openqa.selenium.remote.http.W3CHttpResponseCodec.decode(W3CHttpResponseCodec.java:122)
at org.openqa.selenium.remote.http.W3CHttpResponseCodec.decode(W3CHttpResponseCodec.java:49)
at org.openqa.selenium.remote.HttpCommandExecutor.execute(HttpCommandExecutor.java:158)
at org.openqa.selenium.remote.service.DriverCommandExecutor.execute(DriverCommandExecutor.java:83)
at org.openqa.selenium.remote.RemoteWebDriver.execute(RemoteWebDriver.java:552)
at org.openqa.selenium.remote.RemoteWebDriver.get(RemoteWebDriver.java:277)
at com.planittesting.cloud.jupiter.base.Base.initConfigaration(Base.java:57)
at com.planittesting.cloud.jupiter.testcases.ContactPageTestcases.setUp(ContactPageTestcases.java:18)
at java.util.ArrayList.forEach(ArrayList.java:1257)
... Removed 38 stack frames]]>
    </failure>
  </testcase> <!-- @BeforeMethod setUp -->
  <testcase name="@AfterMethod tearDown" time="-1.629641363676E9" classname="com.planittesting.cloud.jupiter.testcases.ContactPageTestcases">
    <skipped/>
  </testcase> <!-- @AfterMethod tearDown -->
  <testcase name="@BeforeMethod setUp" time="-1.629641363676E9" classname="com.planittesting.cloud.jupiter.testcases.ContactPageTestcases">
    <skipped/>
  </testcase> <!-- @BeforeMethod setUp -->
  <testcase name="@AfterMethod tearDown" time="-1.629641363677E9" classname="com.planittesting.cloud.jupiter.testcases.ContactPageTestcases">
    <skipped/>
  </testcase> <!-- @AfterMethod tearDown -->
  <testcase name="@BeforeMethod setUp" time="-1.629641363678E9" classname="com.planittesting.cloud.jupiter.testcases.ContactPageTestcases">
    <skipped/>
  </testcase> <!-- @BeforeMethod setUp -->
  <testcase name="@AfterMethod tearDown" time="-1.629641363679E9" classname="com.planittesting.cloud.jupiter.testcases.ContactPageTestcases">
    <skipped/>
  </testcase> <!-- @AfterMethod tearDown -->
  <testcase name="@BeforeMethod setUp" time="2.104" classname="com.planittesting.cloud.jupiter.testcases.ShopPageTestCases">
    <failure type="org.openqa.selenium.WebDriverException" message="unknown error: net::ERR_INTERNET_DISCONNECTED
  (Session info: chrome=92.0.4515.159)
Build info: version: &amp;apos;3.141.59&amp;apos;, revision: &amp;apos;e82be7d358&amp;apos;, time: &amp;apos;2018-11-14T08:17:03&amp;apos;
System info: host: &amp;apos;IGSA937002-PC&amp;apos;, ip: &amp;apos;192.168.20.20&amp;apos;, os.name: &amp;apos;Windows 10&amp;apos;, os.arch: &amp;apos;amd64&amp;apos;, os.version: &amp;apos;10.0&amp;apos;, java.version: &amp;apos;1.8.0_161&amp;apos;
Driver info: org.openqa.selenium.chrome.ChromeDriver
Capabilities {acceptInsecureCerts: false, browserName: chrome, browserVersion: 92.0.4515.159, chrome: {chromedriverVersion: 92.0.4515.107 (87a818b10553..., userDataDir: C:\Users\IGSA937002\AppData...}, goog:chromeOptions: {debuggerAddress: localhost:64672}, javascriptEnabled: true, networkConnectionEnabled: false, pageLoadStrategy: normal, platform: WINDOWS, platformName: WINDOWS, proxy: Proxy(), setWindowRect: true, strictFileInteractability: false, timeouts: {implicit: 0, pageLoad: 300000, script: 30000}, unhandledPromptBehavior: dismiss and notify, webauthn:extension:credBlob: true, webauthn:extension:largeBlob: true, webauthn:virtualAuthenticators: true}
Session ID: f2c1e7aa0593751bc745b059f68977cb">
      <![CDATA[org.openqa.selenium.WebDriverException: unknown error: net::ERR_INTERNET_DISCONNECTED
  (Session info: chrome=92.0.4515.159)
Build info: version: '3.141.59', revision: 'e82be7d358', time: '2018-11-14T08:17:03'
System info: host: 'IGSA937002-PC', ip: '192.168.20.20', os.name: 'Windows 10', os.arch: 'amd64', os.version: '10.0', java.version: '1.8.0_161'
Driver info: org.openqa.selenium.chrome.ChromeDriver
Capabilities {acceptInsecureCerts: false, browserName: chrome, browserVersion: 92.0.4515.159, chrome: {chromedriverVersion: 92.0.4515.107 (87a818b10553..., userDataDir: C:\Users\IGSA937002\AppData...}, goog:chromeOptions: {debuggerAddress: localhost:64672}, javascriptEnabled: true, networkConnectionEnabled: false, pageLoadStrategy: normal, platform: WINDOWS, platformName: WINDOWS, proxy: Proxy(), setWindowRect: true, strictFileInteractability: false, timeouts: {implicit: 0, pageLoad: 300000, script: 30000}, unhandledPromptBehavior: dismiss and notify, webauthn:extension:credBlob: true, webauthn:extension:largeBlob: true, webauthn:virtualAuthenticators: true}
Session ID: f2c1e7aa0593751bc745b059f68977cb
at org.openqa.selenium.remote.http.W3CHttpResponseCodec.createException(W3CHttpResponseCodec.java:187)
at org.openqa.selenium.remote.http.W3CHttpResponseCodec.decode(W3CHttpResponseCodec.java:122)
at org.openqa.selenium.remote.http.W3CHttpResponseCodec.decode(W3CHttpResponseCodec.java:49)
at org.openqa.selenium.remote.HttpCommandExecutor.execute(HttpCommandExecutor.java:158)
at org.openqa.selenium.remote.service.DriverCommandExecutor.execute(DriverCommandExecutor.java:83)
at org.openqa.selenium.remote.RemoteWebDriver.execute(RemoteWebDriver.java:552)
at org.openqa.selenium.remote.RemoteWebDriver.get(RemoteWebDriver.java:277)
at com.planittesting.cloud.jupiter.base.Base.initConfigaration(Base.java:57)
at com.planittesting.cloud.jupiter.testcases.ShopPageTestCases.setUp(ShopPageTestCases.java:17)
at java.util.ArrayList.forEach(ArrayList.java:1257)
... Removed 38 stack frames]]>
    </failure>
  </testcase> <!-- @BeforeMethod setUp -->
  <testcase name="@AfterMethod tearDown" time="-1.629641365788E9" classname="com.planittesting.cloud.jupiter.testcases.ShopPageTestCases">
    <skipped/>
  </testcase> <!-- @AfterMethod tearDown -->
  <testcase name="@BeforeMethod setUp" time="-1.629641365788E9" classname="com.planittesting.cloud.jupiter.testcases.ShopPageTestCases">
    <skipped/>
  </testcase> <!-- @BeforeMethod setUp -->
  <testcase name="@AfterMethod tearDown" time="-1.629641365791E9" classname="com.planittesting.cloud.jupiter.testcases.ShopPageTestCases">
    <skipped/>
  </testcase> <!-- @AfterMethod tearDown -->
  <testcase name="errorValidationOfContactPage" time="15.327" classname="com.planittesting.cloud.jupiter.testcases.ContactPageTestcases"/>
  <testcase name="verifySubmissionOfFeedBackMsg" time="11.63" classname="com.planittesting.cloud.jupiter.testcases.ContactPageTestcases"/>
  <testcase name="verifySubmissionOfFeedBackMsg" time="1.921" classname="com.planittesting.cloud.jupiter.testcases.ContactPageTestcases"/>
  <testcase name="verifySubmissionOfFeedBackMsg" time="0.0" classname="com.planittesting.cloud.jupiter.testcases.ContactPageTestcases">
    <skipped/>
  </testcase> <!-- verifySubmissionOfFeedBackMsg -->
  <testcase name="verifySubmissionOfFeedBackMsg" time="0.0" classname="com.planittesting.cloud.jupiter.testcases.ContactPageTestcases">
    <skipped/>
  </testcase> <!-- verifySubmissionOfFeedBackMsg -->
  <testcase name="verifySubmissionOfFeedBackMsg" time="0.0" classname="com.planittesting.cloud.jupiter.testcases.ContactPageTestcases">
    <skipped/>
  </testcase> <!-- verifySubmissionOfFeedBackMsg -->
  <testcase name="verificationOfItemsInCart" time="0.0" classname="com.planittesting.cloud.jupiter.testcases.ShopPageTestCases">
    <skipped/>
  </testcase> <!-- verificationOfItemsInCart -->
  <testcase name="verificationOfProductUnitPriceSubtotalPriceAndTotalPrice" time="0.0" classname="com.planittesting.cloud.jupiter.testcases.ShopPageTestCases">
    <skipped/>
  </testcase> <!-- verificationOfProductUnitPriceSubtotalPriceAndTotalPrice -->
</testsuite> <!-- Test -->
